0 info it worked if it ends with ok
1 verbose cli [ '/usr/bin/nodejs', '/usr/bin/npm', 'install', '-g', 'nodemon' ]
2 info using npm@2.15.1
3 info using node@v4.4.3
4 verbose install initial load of /usr/lib/package.json
5 verbose readDependencies loading dependencies from /usr/lib/package.json
6 silly cache add args [ 'nodemon', null ]
7 verbose cache add spec nodemon
8 silly cache add parsed spec Result {
8 silly cache add   raw: 'nodemon',
8 silly cache add   scope: null,
8 silly cache add   name: 'nodemon',
8 silly cache add   rawSpec: '',
8 silly cache add   spec: 'latest',
8 silly cache add   type: 'tag' }
9 silly addNamed nodemon@latest
10 verbose addNamed "latest" is being treated as a dist-tag for nodemon
11 info addNameTag [ 'nodemon', 'latest' ]
12 silly mapToRegistry name nodemon
13 silly mapToRegistry using default registry
14 silly mapToRegistry registry https://registry.npmjs.org/
15 silly mapToRegistry data Result {
15 silly mapToRegistry   raw: 'nodemon',
15 silly mapToRegistry   scope: null,
15 silly mapToRegistry   name: 'nodemon',
15 silly mapToRegistry   rawSpec: '',
15 silly mapToRegistry   spec: 'latest',
15 silly mapToRegistry   type: 'tag' }
16 silly mapToRegistry uri https://registry.npmjs.org/nodemon
17 verbose addNameTag registry:https://registry.npmjs.org/nodemon not in flight; fetching
18 verbose request uri https://registry.npmjs.org/nodemon
19 verbose request no auth needed
20 info attempt registry request try #1 at 6:33:16 PM
21 verbose request using bearer token for auth
22 verbose request id 9d99a13308180919
23 verbose etag "6UNRRXUUQTYS51PVR3M10YTR6"
24 http request GET https://registry.npmjs.org/nodemon
25 http 200 https://registry.npmjs.org/nodemon
26 verbose headers { server: 'CouchDB/1.5.0 (Erlang OTP/R16B03)',
26 verbose headers   etag: '"746PA3FH4WGYKZE8LGVUMJ272"',
26 verbose headers   'content-type': 'application/json',
26 verbose headers   'content-encoding': 'gzip',
26 verbose headers   'cache-control': 'max-age=300',
26 verbose headers   'transfer-encoding': 'chunked',
26 verbose headers   'accept-ranges': 'bytes',
26 verbose headers   date: 'Thu, 19 May 2016 01:33:16 GMT',
26 verbose headers   via: '1.1 varnish',
26 verbose headers   connection: 'keep-alive',
26 verbose headers   'x-served-by': 'cache-lax1424-LAX',
26 verbose headers   'x-cache': 'MISS',
26 verbose headers   'x-cache-hits': '0',
26 verbose headers   'x-timer': 'S1463621595.850094,VS0,VE227',
26 verbose headers   vary: 'Accept-Encoding' }
27 silly get cb [ 200,
27 silly get   { server: 'CouchDB/1.5.0 (Erlang OTP/R16B03)',
27 silly get     etag: '"746PA3FH4WGYKZE8LGVUMJ272"',
27 silly get     'content-type': 'application/json',
27 silly get     'content-encoding': 'gzip',
27 silly get     'cache-control': 'max-age=300',
27 silly get     'transfer-encoding': 'chunked',
27 silly get     'accept-ranges': 'bytes',
27 silly get     date: 'Thu, 19 May 2016 01:33:16 GMT',
27 silly get     via: '1.1 varnish',
27 silly get     connection: 'keep-alive',
27 silly get     'x-served-by': 'cache-lax1424-LAX',
27 silly get     'x-cache': 'MISS',
27 silly get     'x-cache-hits': '0',
27 silly get     'x-timer': 'S1463621595.850094,VS0,VE227',
27 silly get     vary: 'Accept-Encoding' } ]
28 verbose get saving nodemon to /home/artur/.npm/registry.npmjs.org/nodemon/.cache.json
29 verbose correctMkdir /home/artur/.npm correctMkdir not in flight; initializing
30 silly addNameTag next cb for nodemon with tag latest
31 silly addNamed nodemon@1.9.2
32 verbose addNamed "1.9.2" is a plain semver version for nodemon
33 silly cache afterAdd nodemon@1.9.2
34 verbose afterAdd /home/artur/.npm/nodemon/1.9.2/package/package.json not in flight; writing
35 verbose correctMkdir /home/artur/.npm correctMkdir not in flight; initializing
36 verbose afterAdd /home/artur/.npm/nodemon/1.9.2/package/package.json written
37 silly install resolved [ { name: 'nodemon',
37 silly install resolved     homepage: 'http://nodemon.io',
37 silly install resolved     author: { name: 'Remy Sharp', url: 'http://github.com/remy' },
37 silly install resolved     bin: { nodemon: './bin/nodemon.js' },
37 silly install resolved     engines: { node: '>=0.8' },
37 silly install resolved     repository: { type: 'git', url: 'git+https://github.com/remy/nodemon.git' },
37 silly install resolved     description: 'Simple monitor script for use during development of a node.js app.',
37 silly install resolved     keywords:
37 silly install resolved      [ 'monitor',
37 silly install resolved        'development',
37 silly install resolved        'restart',
37 silly install resolved        'autoload',
37 silly install resolved        'reload',
37 silly install resolved        'terminal' ],
37 silly install resolved     license: 'MIT',
37 silly install resolved     main: './lib/nodemon',
37 silly install resolved     scripts:
37 silly install resolved      { coverage: 'istanbul cover _mocha -- --timeout 30000 --ui bdd --reporter list test/**/*.test.js',
37 silly install resolved        lint: 'jscs lib/**/*.js -v',
37 silly install resolved        ':spec': 'mocha --timeout 30000 --ui bdd test/**/*.test.js',
37 silly install resolved        test: 'npm run lint && npm run spec',
37 silly install resolved        spec: 'for FILE in test/**/*.test.js; do echo $FILE; ./node_modules/.bin/mocha --timeout 30000 $FILE; if [ $? -ne 0 ]; then exit 1; fi; sleep 1; done',
37 silly install resolved        web: 'node web',
37 silly install resolved        'semantic-release': 'semantic-release pre && npm publish && semantic-release post' },
37 silly install resolved     devDependencies:
37 silly install resolved      { async: '1.4.2',
37 silly install resolved        'coffee-script': '~1.7.1',
37 silly install resolved        connect: '~2.19.1',
37 silly install resolved        istanbul: '~0.2.10',
37 silly install resolved        jscs: '2.1.1',
37 silly install resolved        mocha: '2.3.3',
37 silly install resolved        should: '~4.0.0',
37 silly install resolved        'semantic-release': '4.3.5' },
37 silly install resolved     dependencies:
37 silly install resolved      { chokidar: '^1.4.3',
37 silly install resolved        debug: '^2.2.0',
37 silly install resolved        'es6-promise': '^3.0.2',
37 silly install resolved        'ignore-by-default': '^1.0.0',
37 silly install resolved        'lodash.defaults': '^3.1.2',
37 silly install resolved        minimatch: '^3.0.0',
37 silly install resolved        'ps-tree': '^1.0.1',
37 silly install resolved        touch: '1.0.0',
37 silly install resolved        undefsafe: '0.0.3',
37 silly install resolved        'update-notifier': '0.5.0' },
37 silly install resolved     version: '1.9.2',
37 silly install resolved     gitHead: 'ceadfb8e919603b67a39f8528bb6914f8b92f1d7',
37 silly install resolved     bugs: { url: 'https://github.com/remy/nodemon/issues' },
37 silly install resolved     _id: 'nodemon@1.9.2',
37 silly install resolved     _shasum: '21b3cd157d5483833b473372c98e1795a4d55970',
37 silly install resolved     _from: 'nodemon@latest',
37 silly install resolved     _npmVersion: '2.15.4',
37 silly install resolved     _nodeVersion: '6.0.0',
37 silly install resolved     _npmUser: { name: 'remy', email: 'remy@leftlogic.com' },
37 silly install resolved     dist:
37 silly install resolved      { shasum: '21b3cd157d5483833b473372c98e1795a4d55970',
37 silly install resolved        tarball: 'https://registry.npmjs.org/nodemon/-/nodemon-1.9.2.tgz' },
37 silly install resolved     maintainers: [ [Object] ],
37 silly install resolved     _npmOperationalInternal:
37 silly install resolved      { host: 'packages-16-east.internal.npmjs.com',
37 silly install resolved        tmp: 'tmp/nodemon-1.9.2.tgz_1461962060119_0.3160424646921456' },
37 silly install resolved     directories: {},
37 silly install resolved     _resolved: 'https://registry.npmjs.org/nodemon/-/nodemon-1.9.2.tgz',
37 silly install resolved     readme: 'ERROR: No README data found!' } ]
38 info install nodemon@1.9.2 into /usr/lib
39 info installOne nodemon@1.9.2
40 verbose installOne of nodemon to /usr/lib not in flight; installing
41 verbose correctMkdir /home/artur/.npm/_locks correctMkdir not in flight; initializing
42 verbose lock using /home/artur/.npm/_locks/nodemon-ff29255d92513265.lock for /usr/lib/node_modules/nodemon
43 silly install write writing nodemon 1.9.2 to /usr/lib/node_modules/nodemon
44 verbose unbuild lib/node_modules/nodemon
45 silly gentlyRm /usr/lib/node_modules/nodemon is being purged from base /usr
46 verbose gentlyRm don't care about contents; nuking /usr/lib/node_modules/nodemon
47 verbose tar unpack /home/artur/.npm/nodemon/1.9.2/package.tgz
48 verbose tar unpacking to /usr/lib/node_modules/nodemon
49 silly gentlyRm /usr/lib/node_modules/nodemon is being purged
50 verbose gentlyRm don't care about contents; nuking /usr/lib/node_modules/nodemon
51 silly gunzTarPerm modes [ '775', '664' ]
52 error tar.unpack untar error /home/artur/.npm/nodemon/1.9.2/package.tgz
53 verbose unlock done using /home/artur/.npm/_locks/nodemon-ff29255d92513265.lock for /usr/lib/node_modules/nodemon
54 verbose fstream_path /usr/lib/node_modules/nodemon
55 verbose fstream_type Directory
56 verbose fstream_class DirWriter
57 verbose stack Error: EACCES: permission denied, mkdir '/usr/lib/node_modules/nodemon'
57 verbose stack     at Error (native)
58 verbose fstream_stack /usr/lib/node_modules/npm/node_modules/fstream/lib/dir-writer.js:35:25
58 verbose fstream_stack /usr/lib/node_modules/npm/node_modules/mkdirp/index.js:47:53
58 verbose fstream_stack FSReqWrap.oncomplete (fs.js:82:15)
59 verbose cwd /home/artur/projects/boilerjs
60 error Linux 4.4.0-22-generic
61 error argv "/usr/bin/nodejs" "/usr/bin/npm" "install" "-g" "nodemon"
62 error node v4.4.3
63 error npm  v2.15.1
64 error path /usr/lib/node_modules/nodemon
65 error code EACCES
66 error errno -13
67 error syscall mkdir
68 error Error: EACCES: permission denied, mkdir '/usr/lib/node_modules/nodemon'
68 error     at Error (native)
68 error  { [Error: EACCES: permission denied, mkdir '/usr/lib/node_modules/nodemon']
68 error   errno: -13,
68 error   code: 'EACCES',
68 error   syscall: 'mkdir',
68 error   path: '/usr/lib/node_modules/nodemon',
68 error   fstream_type: 'Directory',
68 error   fstream_path: '/usr/lib/node_modules/nodemon',
68 error   fstream_class: 'DirWriter',
68 error   fstream_stack:
68 error    [ '/usr/lib/node_modules/npm/node_modules/fstream/lib/dir-writer.js:35:25',
68 error      '/usr/lib/node_modules/npm/node_modules/mkdirp/index.js:47:53',
68 error      'FSReqWrap.oncomplete (fs.js:82:15)' ] }
69 error Please try running this command again as root/Administrator.
70 verbose exit [ -13, true ]
71 verbose unbuild lib/node_modules/nodemon
72 silly gentlyRm /usr/lib/node_modules/nodemon is being purged from base /usr
73 verbose gentlyRm don't care about contents; nuking /usr/lib/node_modules/nodemon
